<testsuite name="web2md" tests="8">
 <testcase name="https://global.popmart.com/products/mokoko-close-to-sweet-pendant" time="0"><failure/></testcase>
 <testcase name="https://popmart.fandom.com/wiki/Mokoko" time="0"></testcase>
 <testcase name="https://global.popmart.com/products/labubu-pronounce-wings-of-fortune-pendant" time="0"><failure/></testcase>
 <testcase name="https://popmart.fandom.com/wiki/Labubu" time="0"></testcase>
 <testcase name="https://global.popmart.com/products/labubu-lets-checkmate-plush-37cm" time="0"><failure/></testcase>
 <testcase name="https://popmart.fandom.com/wiki/Let%27s_Checkmate" time="0"></testcase>
 <testcase name="https://global.popmart.com/products/labubu-hide-and-seek-in-singapore-figure" time="0"><failure/></testcase>
 <testcase name="https://popmart.fandom.com/wiki/Hide_and_Seek_in_Singapore" time="0"></testcase>
</testsuite>